<?xml version="1.0" encoding="UTF-8"?>
<testsuite xmlns:xsi="http://www.w3.org/2001/XMLSchema-instance" xsi:noNamespaceSchemaLocation="https://maven.apache.org/surefire/maven-surefire-plugin/xsd/surefire-test-report-3.0.xsd" version="3.0" name="pruebas.Pruebas" time="1.099" tests="6" errors="0" skipped="0" failures="0">
  <properties>
[...]
</properties>
  <testcase name="testAgregar" classname="pruebas.Pruebas" time="0.025">
    <system-out><![CDATA[Test CP-001: Tests que se encarga de agregar un cliente nuevo correctamente
]]></system-out>
  </testcase>
  <testcase name="testModificar" classname="pruebas.Pruebas" time="0.001">
    <system-out><![CDATA[Test CP-002: Tests que se encarga de modificar un cliente correctamente
]]></system-out>
  </testcase>
  <testcase name="testReporte" classname="pruebas.Pruebas" time="1.054">
    <system-out><![CDATA[Test CP-005: Tests que se encarga de verificar que se puede generar un reporte correctamente
]]></system-out>
  </testcase>
  <testcase name="testEliminar" classname="pruebas.Pruebas" time="0.001">
    <system-out><![CDATA[Test CP-003: Tests que se encarga de eliminar un cliente correctamente
]]></system-out>
  </testcase>
  <testcase name="testFiltro" classname="pruebas.Pruebas" time="0.001">
    <system-out><![CDATA[Test CP-005: Tests que se encarga de verificar que los filtros funcionan correctamente
]]></system-out>
  </testcase>
  <testcase name="testListar" classname="pruebas.Pruebas" time="0.001">
    <system-out><![CDATA[Test CP-004: Tests que se encarga de listar los clientes correctamente
]]></system-out>
  </testcase>
</testsuite>