<?xml version="1.0" encoding="UTF-8"?>
<testsuite xmlns:xsi="http://www.w3.org/2001/XMLSchema-instance" xsi:noNamespaceSchemaLocation="https://maven.apache.org/surefire/maven-surefire-plugin/xsd/surefire-test-report-3.0.xsd" version="3.0" name="pruebas.Pruebas" time="1.232" tests="6" errors="0" skipped="0" failures="0">
  <properties>
[...]
</properties>
  <testcase name="testAgregar" classname="pruebas.Pruebas" time="0.028"/>
  <testcase name="testModificar" classname="pruebas.Pruebas" time="0.002"/>
  <testcase name="testReporte" classname="pruebas.Pruebas" time="1.169"/>
  <testcase name="testEliminar" classname="pruebas.Pruebas" time="0.001"/>
  <testcase name="testFiltro" classname="pruebas.Pruebas" time="0.002"/>
  <testcase name="testListar" classname="pruebas.Pruebas" time="0.003"/>
</testsuite>